#
# There is insufficient memory for the Java Runtime Environment to continue.
# Native memory allocation (mmap) failed to map 123731968 bytes for G1 virtual space
# Possible reasons:
#   The system is out of physical RAM or swap space
#   The process is running with CompressedOops enabled, and the Java Heap may be blocking the growth of the native heap
# Possible solutions:
#   Reduce memory load on the system
#   Increase physical memory or swap space
#   Check if swap backing store is full
#   Decrease Java heap size (-Xmx/-Xms)
#   Decrease number of Java threads
#   Decrease Java thread stack sizes (-Xss)
#   Set larger code cache with -XX:ReservedCodeCacheSize=
#   JVM is running with Unscaled Compressed Oops mode in which the Java heap is
#     placed in the first 4GB address space. The Java Heap base address is the
#     maximum limit for the native heap growth. Please use -XX:HeapBaseMinAddress
#     to set the Java Heap base and to place the Java Heap above 4GB virtual address.
# This output file may be truncated or incomplete.
#
#  Out of Memory Error (os_windows.cpp:3559), pid=10204, tid=10776
#
# JRE version:  (17.0.7+7) (build )
# Java VM: OpenJDK 64-Bit Server VM (17.0.7+7, mixed mode, sharing, tiered, compressed oops, compressed class ptrs, g1 gc, windows-amd64)
# No core dump will be written. Minidumps are not enabled by default on client versions of Windows
#

---------------  S U M M A R Y ------------

Command Line: -Dfile.encoding=UTF-8 -XX:+ShowCodeDetailsInExceptionMessages com.masai.ui.MainUi

Host: AMD Ryzen 5 5500U with Radeon Graphics         , 12 cores, 7G,  Windows 11 , 64 bit Build 22621 (10.0.22621.1928)
Time: Mon Jul 24 03:54:11 2023 India Standard Time elapsed time: 0.009990 seconds (0d 0h 0m 0s)

---------------  T H R E A D  ---------------

Current thread (0x0000022a7fc6b5c0):  JavaThread "Unknown thread" [_thread_in_vm, id=10776, stack(0x000000cab3500000,0x000000cab3600000)]

Stack: [0x000000cab3500000,0x000000cab3600000]
Native frames: (J=compiled Java code, j=interpreted, Vv=VM code, C=native code)
V  [jvm.dll+0x67754a]
V  [jvm.dll+0x834304]
V  [jvm.dll+0x835aae]
V  [jvm.dll+0x836113]
V  [jvm.dll+0x24696f]
V  [jvm.dll+0x6743f9]
V  [jvm.dll+0x668c8a]
V  [jvm.dll+0x3061bb]
V  [jvm.dll+0x30d6a6]
V  [jvm.dll+0x35cece]
V  [jvm.dll+0x35d0ff]
V  [jvm.dll+0x2dd048]
V  [jvm.dll+0x2ddfb4]
V  [jvm.dll+0x8066d1]
V  [jvm.dll+0x36ac91]
V  [jvm.dll+0x7e5cec]
V  [jvm.dll+0x3ed56f]
V  [jvm.dll+0x3ef0a1]
C  [jli.dll+0x528b]
C  [ucrtbase.dll+0x29363]
C  [KERNEL32.DLL+0x126ad]
C  [ntdll.dll+0x5aa68]


---------------  P R O C E S S  ---------------

Threads class SMR info:
_java_thread_list=0x00007ffcca5a7018, length=0, elements={
}

Java Threads: ( => current thread )

Other Threads:
  0x0000022a7fcc47f0 GCTaskThread "GC Thread#0" [stack: 0x000000cab3600000,0x000000cab3700000] [id=24364]
  0x0000022a7fcd5240 ConcurrentGCThread "G1 Main Marker" [stack: 0x000000cab3700000,0x000000cab3800000] [id=6860]
  0x0000022a7fcd8460 ConcurrentGCThread "G1 Conc#0" [stack: 0x000000cab3800000,0x000000cab3900000] [id=7904]

[error occurred during error reporting (printing all threads), id 0xc0000005, EXCEPTION_ACCESS_VIOLATION (0xc0000005) at pc=0x00007ffcc9d7daf7]

VM state: not at safepoint (not fully initialized)

VM Mutex/Monitor currently owned by a thread:  ([mutex/lock_event])
[0x0000022a7fc68490] Heap_lock - owner thread: 0x0000022a7fc6b5c0

Heap address: 0x000000008a800000, size: 1880 MB, Compressed Oops mode: 32-bit

CDS archive(s) mapped at: [0x0000000000000000-0x0000000000000000-0x0000000000000000), size 0, SharedBaseAddress: 0x0000000800000000, ArchiveRelocationMode: 0.
Narrow klass base: 0x0000000000000000, Narrow klass shift: 0, Narrow klass range: 0x0

GC Precious Log:
<Empty>

Heap:
 garbage-first heap   total 0K, used 0K [0x000000008a800000, 0x0000000100000000)
  region size 1024K, 0 young (0K), 0 survivors (0K)

[error occurred during error reporting (printing heap information), id 0xc0000005, EXCEPTION_ACCESS_VIOLATION (0xc0000005) at pc=0x00007ffcca160db9]

GC Heap History (0 events):
No events

Dll operation events (1 events):
Event: 0.006 Loaded shared library C:\Users\91881\Downloads\spring-tool-suite-4-4.18.1.RELEASE-e4.27.0-win32.win32.x86_64.self-extracting\contents\sts-4.18.1.RELEASE\plugins\org.eclipse.justj.openjdk.hotspot.jre.full.win32.x86_64_17.0.7.v20230425-1502\jre\bin\java.dll

Deoptimization events (0 events):
No events

Classes unloaded (0 events):
No events

Classes redefined (0 events):
No events

Internal exceptions (0 events):
No events

VM Operations (0 events):
No events

Events (0 events):
No events


Dynamic libraries:
0x00007ff6dd850000 - 0x00007ff6dd85e000 	C:\Users\91881\Downloads\spring-tool-suite-4-4.18.1.RELEASE-e4.27.0-win32.win32.x86_64.self-extracting\contents\sts-4.18.1.RELEASE\plugins\org.eclipse.justj.openjdk.hotspot.jre.full.win32.x86_64_17.0.7.v20230425-1502\jre\bin\javaw.exe
0x00007ffd14f90000 - 0x00007ffd151a4000 	C:\WINDOWS\SYSTEM32\ntdll.dll
0x00007ffd131f0000 - 0x00007ffd132b2000 	C:\WINDOWS\System32\KERNEL32.DLL
0x00007ffd12810000 - 0x00007ffd12bb3000 	C:\WINDOWS\System32\KERNELBASE.dll
0x00007ffd12390000 - 0x00007ffd124a1000 	C:\WINDOWS\System32\ucrtbase.dll
0x00007ffcfd500000 - 0x00007ffcfd519000 	C:\Users\91881\Downloads\spring-tool-suite-4-4.18.1.RELEASE-e4.27.0-win32.win32.x86_64.self-extracting\contents\sts-4.18.1.RELEASE\plugins\org.eclipse.justj.openjdk.hotspot.jre.full.win32.x86_64_17.0.7.v20230425-1502\jre\bin\VCRUNTIME140.dll
0x00007ffcfdd80000 - 0x00007ffcfdd97000 	C:\Users\91881\Downloads\spring-tool-suite-4-4.18.1.RELEASE-e4.27.0-win32.win32.x86_64.self-extracting\contents\sts-4.18.1.RELEASE\plugins\org.eclipse.justj.openjdk.hotspot.jre.full.win32.x86_64_17.0.7.v20230425-1502\jre\bin\jli.dll
0x00007ffd12d70000 - 0x00007ffd12f1a000 	C:\WINDOWS\System32\USER32.dll
0x00007ffd013c0000 - 0x00007ffd0164e000 	C:\WINDOWS\WinSxS\amd64_microsoft.windows.common-controls_6595b64144ccf1df_6.0.22621.1635_none_270f70857386168e\COMCTL32.dll
0x00007ffd127e0000 - 0x00007ffd12806000 	C:\WINDOWS\System32\win32u.dll
0x00007ffd13040000 - 0x00007ffd130e7000 	C:\WINDOWS\System32\msvcrt.dll
0x00007ffd13700000 - 0x00007ffd13729000 	C:\WINDOWS\System32\GDI32.dll
0x00007ffd124b0000 - 0x00007ffd125c9000 	C:\WINDOWS\System32\gdi32full.dll
0x00007ffd12740000 - 0x00007ffd127da000 	C:\WINDOWS\System32\msvcp_win.dll
0x00007ffd13b90000 - 0x00007ffd13bc1000 	C:\WINDOWS\System32\IMM32.DLL
0x00007ffd03760000 - 0x00007ffd0376c000 	C:\Users\91881\Downloads\spring-tool-suite-4-4.18.1.RELEASE-e4.27.0-win32.win32.x86_64.self-extracting\contents\sts-4.18.1.RELEASE\plugins\org.eclipse.justj.openjdk.hotspot.jre.full.win32.x86_64_17.0.7.v20230425-1502\jre\bin\vcruntime140_1.dll
0x00007ffcdac10000 - 0x00007ffcdaca1000 	C:\Users\91881\Downloads\spring-tool-suite-4-4.18.1.RELEASE-e4.27.0-win32.win32.x86_64.self-extracting\contents\sts-4.18.1.RELEASE\plugins\org.eclipse.justj.openjdk.hotspot.jre.full.win32.x86_64_17.0.7.v20230425-1502\jre\bin\msvcp140.dll
0x00007ffcc9a90000 - 0x00007ffcca6d8000 	C:\Users\91881\Downloads\spring-tool-suite-4-4.18.1.RELEASE-e4.27.0-win32.win32.x86_64.self-extracting\contents\sts-4.18.1.RELEASE\plugins\org.eclipse.justj.openjdk.hotspot.jre.full.win32.x86_64_17.0.7.v20230425-1502\jre\bin\server\jvm.dll
0x00007ffd14570000 - 0x00007ffd1461e000 	C:\WINDOWS\System32\ADVAPI32.dll
0x00007ffd142e0000 - 0x00007ffd14384000 	C:\WINDOWS\System32\sechost.dll
0x00007ffd12f20000 - 0x00007ffd13037000 	C:\WINDOWS\System32\RPCRT4.dll
0x00007ffd0dbe0000 - 0x00007ffd0dbe9000 	C:\WINDOWS\SYSTEM32\WSOCK32.dll
0x00007ffd0acc0000 - 0x00007ffd0acf4000 	C:\WINDOWS\SYSTEM32\WINMM.dll
0x00007ffd14620000 - 0x00007ffd14691000 	C:\WINDOWS\System32\WS2_32.dll
0x00007ffd0c050000 - 0x00007ffd0c05a000 	C:\WINDOWS\SYSTEM32\VERSION.dll
0x00007ffd113a0000 - 0x00007ffd113b8000 	C:\WINDOWS\SYSTEM32\kernel.appcore.dll
0x00007ffd0ad30000 - 0x00007ffd0ad3a000 	C:\Users\91881\Downloads\spring-tool-suite-4-4.18.1.RELEASE-e4.27.0-win32.win32.x86_64.self-extracting\contents\sts-4.18.1.RELEASE\plugins\org.eclipse.justj.openjdk.hotspot.jre.full.win32.x86_64_17.0.7.v20230425-1502\jre\bin\jimage.dll
0x00007ffd06e90000 - 0x00007ffd070be000 	C:\WINDOWS\SYSTEM32\DBGHELP.DLL
0x00007ffd13370000 - 0x00007ffd136f9000 	C:\WINDOWS\System32\combase.dll
0x00007ffd13d80000 - 0x00007ffd13e57000 	C:\WINDOWS\System32\OLEAUT32.dll
0x00007ffcf7af0000 - 0x00007ffcf7b22000 	C:\WINDOWS\SYSTEM32\dbgcore.DLL
0x00007ffd12c80000 - 0x00007ffd12cfa000 	C:\WINDOWS\System32\bcryptPrimitives.dll
0x00007ffd03770000 - 0x00007ffd03795000 	C:\Users\91881\Downloads\spring-tool-suite-4-4.18.1.RELEASE-e4.27.0-win32.win32.x86_64.self-extracting\contents\sts-4.18.1.RELEASE\plugins\org.eclipse.justj.openjdk.hotspot.jre.full.win32.x86_64_17.0.7.v20230425-1502\jre\bin\java.dll

dbghelp: loaded successfully - version: 4.0.5 - missing functions: none
symbol engine: initialized successfully - sym options: 0x614 - pdb path: .;C:\Users\91881\Downloads\spring-tool-suite-4-4.18.1.RELEASE-e4.27.0-win32.win32.x86_64.self-extracting\contents\sts-4.18.1.RELEASE\plugins\org.eclipse.justj.openjdk.hotspot.jre.full.win32.x86_64_17.0.7.v20230425-1502\jre\bin;C:\WINDOWS\SYSTEM32;C:\WINDOWS\WinSxS\amd64_microsoft.windows.common-controls_6595b64144ccf1df_6.0.22621.1635_none_270f70857386168e;C:\Users\91881\Downloads\spring-tool-suite-4-4.18.1.RELEASE-e4.27.0-win32.win32.x86_64.self-extracting\contents\sts-4.18.1.RELEASE\plugins\org.eclipse.justj.openjdk.hotspot.jre.full.win32.x86_64_17.0.7.v20230425-1502\jre\bin\server

VM Arguments:
jvm_args: -Dfile.encoding=UTF-8 -XX:+ShowCodeDetailsInExceptionMessages 
java_command: com.masai.ui.MainUi
java_class_path (initial): C:\Users\91881\Documents\workspace-spring-tool-suite-4-4.18.1.RELEASE\SB-101\SB101_Cunstruct-Week_Project\phobic-lumber-7659\target\classes;C:\Users\91881\.m2\repository\com\mysql\mysql-connector-j\8.0.33\mysql-connector-j-8.0.33.jar;C:\Users\91881\.m2\repository\com\google\protobuf\protobuf-java\3.21.9\protobuf-java-3.21.9.jar;C:\Users\91881\.m2\repository\org\hibernate\orm\hibernate-core\6.2.3.Final\hibernate-core-6.2.3.Final.jar;C:\Users\91881\.m2\repository\jakarta\persistence\jakarta.persistence-api\3.1.0\jakarta.persistence-api-3.1.0.jar;C:\Users\91881\.m2\repository\jakarta\transaction\jakarta.transaction-api\2.0.1\jakarta.transaction-api-2.0.1.jar;C:\Users\91881\.m2\repository\org\jboss\logging\jboss-logging\3.5.0.Final\jboss-logging-3.5.0.Final.jar;C:\Users\91881\.m2\repository\org\hibernate\common\hibernate-commons-annotations\6.0.6.Final\hibernate-commons-annotations-6.0.6.Final.jar;C:\Users\91881\.m2\repository\io\smallrye\jandex\3.0.5\jandex-3.0.5.jar;C:\Users\91881\.m2\repository\com\fasterxml\classmate\1.5.1\classmate-1.5.1.jar;C:\Users\91881\.m2\repository\net\bytebuddy\byte-buddy\1.12.18\byte-buddy-1.12.18.jar;C:\Users\91881\.m2\repository\jakarta\xml\bind\jakarta.xml.bind-api\4.0.0\jakarta.xml.bind-api-4.0.0.jar;C:\Users\91881\.m2\repository\jakarta\activation\jakarta.activation-api\2.1.0\jakarta.activation-api-2.1.0.jar;C:\Users\91881\.m2\repository\org\glassfish\jaxb\jaxb-runtime\4.0.2\jaxb-runtime-4.0.2.jar;C:\Users\91881\.m2\repository\org\glassfish\jaxb\jaxb-core\4.0.2\jaxb-core-4.0.2.jar;C:\Users\91881\.m2\repository\org\eclipse\angus\angus-activation\2.0.0\angus-activation-2.0.0.jar;C:\Users\91881\.m2\repository\org\glassfish\jaxb\txw2\4.0.2\txw2-4.0.2.jar;C:\Users\91881\.m2\repository\com\sun\istack\istack-commons-runtime\4.1.1\istack-commons-runtime-4.1.1.jar;C:\Users\91881\.m2\repository\jakarta\inject\jakarta.inject-api\2.0.1\jakarta.inject-api-2.0.1.jar;C:\Users\91881\.m2\repository\org\antlr\antlr4-runtime\
Launcher Type: SUN_STANDARD

[Global flags]
     intx CICompilerCount                          = 4                                         {product} {ergonomic}
     uint ConcGCThreads                            = 3                                         {product} {ergonomic}
     uint G1ConcRefinementThreads                  = 10                                        {product} {ergonomic}
   size_t G1HeapRegionSize                         = 1048576                                   {product} {ergonomic}
    uintx GCDrainStackTargetSize                   = 64                                        {product} {ergonomic}
   size_t InitialHeapSize                          = 123731968                                 {product} {ergonomic}
   size_t MarkStackSize                            = 4194304                                   {product} {ergonomic}
   size_t MaxHeapSize                              = 1971322880                                {product} {ergonomic}
   size_t MinHeapDeltaBytes                        = 1048576                                   {product} {ergonomic}
   size_t MinHeapSize                              = 8388608                                   {product} {ergonomic}
    uintx NonNMethodCodeHeapSize                   = 5839372                                {pd product} {ergonomic}
    uintx NonProfiledCodeHeapSize                  = 122909434                              {pd product} {ergonomic}
    uintx ProfiledCodeHeapSize                     = 122909434                              {pd product} {ergonomic}
    uintx ReservedCodeCacheSize                    = 251658240                              {pd product} {ergonomic}
     bool SegmentedCodeCache                       = true                                      {product} {ergonomic}
     bool ShowCodeDetailsInExceptionMessages       = true                                   {manageable} {command line}
   size_t SoftMaxHeapSize                          = 1971322880                             {manageable} {ergonomic}
     bool UseCompressedClassPointers               = true                           {product lp64_product} {ergonomic}
     bool UseCompressedOops                        = true                           {product lp64_product} {ergonomic}
     bool UseG1GC                                  = true                                      {product} {ergonomic}
     bool UseLargePagesIndividualAllocation        = false                                  {pd product} {ergonomic}

Logging:
Log output configuration:
 #0: stdout all=warning uptime,level,tags
 #1: stderr all=off uptime,level,tags

Environment Variables:
PATH=C:/Users/91881/Downloads/spring-tool-suite-4-4.18.1.RELEASE-e4.27.0-win32.win32.x86_64.self-extracting/contents/sts-4.18.1.RELEASE//plugins/org.eclipse.justj.openjdk.hotspot.jre.full.win32.x86_64_17.0.7.v20230425-1502/jre/bin/server;C:/Users/91881/Downloads/spring-tool-suite-4-4.18.1.RELEASE-e4.27.0-win32.win32.x86_64.self-extracting/contents/sts-4.18.1.RELEASE//plugins/org.eclipse.justj.openjdk.hotspot.jre.full.win32.x86_64_17.0.7.v20230425-1502/jre/bin;C:\Program Files\Java\jdk-20\bin;C:\Program Files\Common Files\Oracle\Java\javapath;C:\Windows\system32;C:\Windows;C:\Windows\System32\Wbem;C:\Windows\System32\WindowsPowerShell\v1.0\;C:\Windows\System32\OpenSSH\;C:\Program Files (x86)\NVIDIA Corporation\PhysX\Common;C:\Program Files\NVIDIA Corporation\NVIDIA NvDLISR;C:\WINDOWS\system32;C:\WINDOWS;C:\WINDOWS\System32\Wbem;C:\WINDOWS\System32\WindowsPowerShell\v1.0\;C:\WINDOWS\System32\OpenSSH\;C:\Program Files\Git\cmd;C:\Program Files\nodejs\;C:\Users\91881\AppData\Local\Microsoft\WindowsApps;C:\Users\91881\AppData\Local\Programs\Microsoft VS Code\bin;C:\Users\91881\AppData\Roaming\npm;C:\Users\91881\Downloads\spring-tool-suite-4-4.18.1.RELEASE-e4.27.0-win32.win32.x86_64.self-extracting\contents\sts-4.18.1.RELEASE;
USERNAME=91881
OS=Windows_NT
PROCESSOR_IDENTIFIER=AMD64 Family 23 Model 104 Stepping 1, AuthenticAMD
TMP=C:\Users\91881\AppData\Local\Temp
TEMP=C:\Users\91881\AppData\Local\Temp



---------------  S Y S T E M  ---------------

OS:
 Windows 11 , 64 bit Build 22621 (10.0.22621.1928)
OS uptime: 3 days 14:13 hours
Hyper-V role detected

CPU: total 12 (initial active 12) (12 cores per cpu, 2 threads per core) family 23 model 104 stepping 1 microcode 0x0, cx8, cmov, fxsr, ht, mmx, 3dnowpref, sse, sse2, sse3, ssse3, sse4a, sse4.1, sse4.2, popcnt, lzcnt, tsc, tscinvbit, avx, avx2, aes, clmul, bmi1, bmi2, adx, sha, fma, vzeroupper, clflush, clflushopt, hv

Memory: 4k page, system-wide physical 7514M (464M free)
TotalPageFile size 31066M (AvailPageFile size 21M)
current process WorkingSet (physical memory assigned to process): 11M, peak: 11M
current process commit charge ("private bytes"): 64M, peak: 182M

vm_info: OpenJDK 64-Bit Server VM (17.0.7+7) for windows-amd64 JRE (17.0.7+7), built on Apr 18 2023 22:10:42 by "temurin" with MS VC++ 16.7 (VS2019)

END.
